[15-Dec-2024 15:13:20 Europe/Berlin] PHP Warning:  Constant KEYCLOAK_URL already defined in C:\xampp\htdocs\KanpokoHack\Beñat\kanpokohack\project-root\config\config.php on line 5
[15-Dec-2024 15:13:20 Europe/Berlin] PHP Warning:  Constant REALM already defined in C:\xampp\htdocs\KanpokoHack\Beñat\kanpokohack\project-root\config\config.php on line 6
[15-Dec-2024 15:13:20 Europe/Berlin] PHP Warning:  Constant CLIENT_ID already defined in C:\xampp\htdocs\KanpokoHack\Beñat\kanpokohack\project-root\config\config.php on line 7
[15-Dec-2024 15:13:20 Europe/Berlin] PHP Warning:  Constant CLIENT_SECRET already defined in C:\xampp\htdocs\KanpokoHack\Beñat\kanpokohack\project-root\config\config.php on line 8
[15-Dec-2024 15:13:20 Europe/Berlin] PHP Warning:  Constant REDIRECT_URI already defined in C:\xampp\htdocs\KanpokoHack\Beñat\kanpokohack\project-root\config\config.php on line 9
[15-Dec-2024 15:13:20 Europe/Berlin] PHP Warning:  Constant REDIRECT_URI_LOGOUT already defined in C:\xampp\htdocs\KanpokoHack\Beñat\kanpokohack\project-root\config\config.php on line 10
[15-Dec-2024 15:13:20 Europe/Berlin] PHP Warning:  Constant CERT already defined in C:\xampp\htdocs\KanpokoHack\Beñat\kanpokohack\project-root\config\config.php on line 13
[15-Dec-2024 15:13:20 Europe/Berlin] PHP Warning:  Constant KEY already defined in C:\xampp\htdocs\KanpokoHack\Beñat\kanpokohack\project-root\config\config.php on line 14
[15-Dec-2024 15:13:20 Europe/Berlin] PHP Warning:  Constant CACERT already defined in C:\xampp\htdocs\KanpokoHack\Beñat\kanpokohack\project-root\config\config.php on line 15
[15-Dec-2024 15:13:20 Europe/Berlin] PHP Warning:  Constant INFOCARDS1 already defined in C:\xampp\htdocs\KanpokoHack\Beñat\kanpokohack\project-root\config\config.php on line 18
[15-Dec-2024 15:13:20 Europe/Berlin] PHP Warning:  Constant ENABLECARDS1 already defined in C:\xampp\htdocs\KanpokoHack\Beñat\kanpokohack\project-root\config\config.php on line 19
[15-Dec-2024 15:13:22 Europe/Berlin] PHP Warning:  Constant KEYCLOAK_URL already defined in C:\xampp\htdocs\KanpokoHack\Beñat\kanpokohack\project-root\config\config.php on line 5
[15-Dec-2024 15:13:22 Europe/Berlin] PHP Warning:  Constant REALM already defined in C:\xampp\htdocs\KanpokoHack\Beñat\kanpokohack\project-root\config\config.php on line 6
[15-Dec-2024 15:13:22 Europe/Berlin] PHP Warning:  Constant CLIENT_ID already defined in C:\xampp\htdocs\KanpokoHack\Beñat\kanpokohack\project-root\config\config.php on line 7
[15-Dec-2024 15:13:22 Europe/Berlin] PHP Warning:  Constant CLIENT_SECRET already defined in C:\xampp\htdocs\KanpokoHack\Beñat\kanpokohack\project-root\config\config.php on line 8
[15-Dec-2024 15:13:22 Europe/Berlin] PHP Warning:  Constant REDIRECT_URI already defined in C:\xampp\htdocs\KanpokoHack\Beñat\kanpokohack\project-root\config\config.php on line 9
[15-Dec-2024 15:13:22 Europe/Berlin] PHP Warning:  Constant REDIRECT_URI_LOGOUT already defined in C:\xampp\htdocs\KanpokoHack\Beñat\kanpokohack\project-root\config\config.php on line 10
[15-Dec-2024 15:13:22 Europe/Berlin] PHP Warning:  Constant CERT already defined in C:\xampp\htdocs\KanpokoHack\Beñat\kanpokohack\project-root\config\config.php on line 13
[15-Dec-2024 15:13:22 Europe/Berlin] PHP Warning:  Constant KEY already defined in C:\xampp\htdocs\KanpokoHack\Beñat\kanpokohack\project-root\config\config.php on line 14
[15-Dec-2024 15:13:22 Europe/Berlin] PHP Warning:  Constant CACERT already defined in C:\xampp\htdocs\KanpokoHack\Beñat\kanpokohack\project-root\config\config.php on line 15
[15-Dec-2024 15:13:22 Europe/Berlin] PHP Warning:  Constant INFOCARDS1 already defined in C:\xampp\htdocs\KanpokoHack\Beñat\kanpokohack\project-root\config\config.php on line 18
[15-Dec-2024 15:13:22 Europe/Berlin] PHP Warning:  Constant ENABLECARDS1 already defined in C:\xampp\htdocs\KanpokoHack\Beñat\kanpokohack\project-root\config\config.php on line 19
[15-Dec-2024 15:13:43 Europe/Berlin] PHP Warning:  file_get_contents(http://10.11.0.25:4000/infocards1/user1): Failed to open stream: Se produjo un error durante el intento de conexión ya que la parte conectada no respondió adecuadamente tras un periodo de tiempo, o bien se produjo un error en la conexión establecida ya que el host conectado no ha podido responder in C:\xampp\htdocs\KanpokoHack\Beñat\kanpokohack\project-root\app\pages\cards\cards.php on line 57
[15-Dec-2024 15:13:46 Europe/Berlin] PHP Warning:  Constant KEYCLOAK_URL already defined in C:\xampp\htdocs\KanpokoHack\Beñat\kanpokohack\project-root\config\config.php on line 5
[15-Dec-2024 15:13:46 Europe/Berlin] PHP Warning:  Constant REALM already defined in C:\xampp\htdocs\KanpokoHack\Beñat\kanpokohack\project-root\config\config.php on line 6
[15-Dec-2024 15:13:46 Europe/Berlin] PHP Warning:  Constant CLIENT_ID already defined in C:\xampp\htdocs\KanpokoHack\Beñat\kanpokohack\project-root\config\config.php on line 7
[15-Dec-2024 15:13:46 Europe/Berlin] PHP Warning:  Constant CLIENT_SECRET already defined in C:\xampp\htdocs\KanpokoHack\Beñat\kanpokohack\project-root\config\config.php on line 8
[15-Dec-2024 15:13:46 Europe/Berlin] PHP Warning:  Constant REDIRECT_URI already defined in C:\xampp\htdocs\KanpokoHack\Beñat\kanpokohack\project-root\config\config.php on line 9
[15-Dec-2024 15:13:46 Europe/Berlin] PHP Warning:  Constant REDIRECT_URI_LOGOUT already defined in C:\xampp\htdocs\KanpokoHack\Beñat\kanpokohack\project-root\config\config.php on line 10
[15-Dec-2024 15:13:46 Europe/Berlin] PHP Warning:  Constant CERT already defined in C:\xampp\htdocs\KanpokoHack\Beñat\kanpokohack\project-root\config\config.php on line 13
[15-Dec-2024 15:13:46 Europe/Berlin] PHP Warning:  Constant KEY already defined in C:\xampp\htdocs\KanpokoHack\Beñat\kanpokohack\project-root\config\config.php on line 14
[15-Dec-2024 15:13:46 Europe/Berlin] PHP Warning:  Constant CACERT already defined in C:\xampp\htdocs\KanpokoHack\Beñat\kanpokohack\project-root\config\config.php on line 15
[15-Dec-2024 15:13:46 Europe/Berlin] PHP Warning:  Constant INFOCARDS1 already defined in C:\xampp\htdocs\KanpokoHack\Beñat\kanpokohack\project-root\config\config.php on line 18
[15-Dec-2024 15:13:46 Europe/Berlin] PHP Warning:  Constant ENABLECARDS1 already defined in C:\xampp\htdocs\KanpokoHack\Beñat\kanpokohack\project-root\config\config.php on line 19
[15-Dec-2024 15:14:19 Europe/Berlin] PHP Warning:  Constant KEYCLOAK_URL already defined in C:\xampp\htdocs\KanpokoHack\Beñat\kanpokohack\project-root\config\config.php on line 5
[15-Dec-2024 15:14:19 Europe/Berlin] PHP Warning:  Constant REALM already defined in C:\xampp\htdocs\KanpokoHack\Beñat\kanpokohack\project-root\config\config.php on line 6
[15-Dec-2024 15:14:19 Europe/Berlin] PHP Warning:  Constant CLIENT_ID already defined in C:\xampp\htdocs\KanpokoHack\Beñat\kanpokohack\project-root\config\config.php on line 7
[15-Dec-2024 15:14:19 Europe/Berlin] PHP Warning:  Constant CLIENT_SECRET already defined in C:\xampp\htdocs\KanpokoHack\Beñat\kanpokohack\project-root\config\config.php on line 8
[15-Dec-2024 15:14:19 Europe/Berlin] PHP Warning:  Constant REDIRECT_URI already defined in C:\xampp\htdocs\KanpokoHack\Beñat\kanpokohack\project-root\config\config.php on line 9
[15-Dec-2024 15:14:19 Europe/Berlin] PHP Warning:  Constant REDIRECT_URI_LOGOUT already defined in C:\xampp\htdocs\KanpokoHack\Beñat\kanpokohack\project-root\config\config.php on line 10
[15-Dec-2024 15:14:19 Europe/Berlin] PHP Warning:  Constant CERT already defined in C:\xampp\htdocs\KanpokoHack\Beñat\kanpokohack\project-root\config\config.php on line 13
[15-Dec-2024 15:14:19 Europe/Berlin] PHP Warning:  Constant KEY already defined in C:\xampp\htdocs\KanpokoHack\Beñat\kanpokohack\project-root\config\config.php on line 14
[15-Dec-2024 15:14:19 Europe/Berlin] PHP Warning:  Constant CACERT already defined in C:\xampp\htdocs\KanpokoHack\Beñat\kanpokohack\project-root\config\config.php on line 15
[15-Dec-2024 15:14:19 Europe/Berlin] PHP Warning:  Constant INFOCARDS1 already defined in C:\xampp\htdocs\KanpokoHack\Beñat\kanpokohack\project-root\config\config.php on line 18
[15-Dec-2024 15:14:19 Europe/Berlin] PHP Warning:  Constant ENABLECARDS1 already defined in C:\xampp\htdocs\KanpokoHack\Beñat\kanpokohack\project-root\config\config.php on line 19
[15-Dec-2024 15:14:20 Europe/Berlin] PHP Warning:  Constant KEYCLOAK_URL already defined in C:\xampp\htdocs\KanpokoHack\Beñat\kanpokohack\project-root\config\config.php on line 5
[15-Dec-2024 15:14:20 Europe/Berlin] PHP Warning:  Constant REALM already defined in C:\xampp\htdocs\KanpokoHack\Beñat\kanpokohack\project-root\config\config.php on line 6
[15-Dec-2024 15:14:20 Europe/Berlin] PHP Warning:  Constant CLIENT_ID already defined in C:\xampp\htdocs\KanpokoHack\Beñat\kanpokohack\project-root\config\config.php on line 7
[15-Dec-2024 15:14:20 Europe/Berlin] PHP Warning:  Constant CLIENT_SECRET already defined in C:\xampp\htdocs\KanpokoHack\Beñat\kanpokohack\project-root\config\config.php on line 8
[15-Dec-2024 15:14:20 Europe/Berlin] PHP Warning:  Constant REDIRECT_URI already defined in C:\xampp\htdocs\KanpokoHack\Beñat\kanpokohack\project-root\config\config.php on line 9
[15-Dec-2024 15:14:20 Europe/Berlin] PHP Warning:  Constant REDIRECT_URI_LOGOUT already defined in C:\xampp\htdocs\KanpokoHack\Beñat\kanpokohack\project-root\config\config.php on line 10
[15-Dec-2024 15:14:20 Europe/Berlin] PHP Warning:  Constant CERT already defined in C:\xampp\htdocs\KanpokoHack\Beñat\kanpokohack\project-root\config\config.php on line 13
[15-Dec-2024 15:14:20 Europe/Berlin] PHP Warning:  Constant KEY already defined in C:\xampp\htdocs\KanpokoHack\Beñat\kanpokohack\project-root\config\config.php on line 14
[15-Dec-2024 15:14:20 Europe/Berlin] PHP Warning:  Constant CACERT already defined in C:\xampp\htdocs\KanpokoHack\Beñat\kanpokohack\project-root\config\config.php on line 15
[15-Dec-2024 15:14:20 Europe/Berlin] PHP Warning:  Constant INFOCARDS1 already defined in C:\xampp\htdocs\KanpokoHack\Beñat\kanpokohack\project-root\config\config.php on line 18
[15-Dec-2024 15:14:20 Europe/Berlin] PHP Warning:  Constant ENABLECARDS1 already defined in C:\xampp\htdocs\KanpokoHack\Beñat\kanpokohack\project-root\config\config.php on line 19
[15-Dec-2024 15:14:26 Europe/Berlin] PHP Warning:  Constant KEYCLOAK_URL already defined in C:\xampp\htdocs\KanpokoHack\Beñat\kanpokohack\project-root\config\config.php on line 5
[15-Dec-2024 15:14:26 Europe/Berlin] PHP Warning:  Constant REALM already defined in C:\xampp\htdocs\KanpokoHack\Beñat\kanpokohack\project-root\config\config.php on line 6
[15-Dec-2024 15:14:26 Europe/Berlin] PHP Warning:  Constant CLIENT_ID already defined in C:\xampp\htdocs\KanpokoHack\Beñat\kanpokohack\project-root\config\config.php on line 7
[15-Dec-2024 15:14:26 Europe/Berlin] PHP Warning:  Constant CLIENT_SECRET already defined in C:\xampp\htdocs\KanpokoHack\Beñat\kanpokohack\project-root\config\config.php on line 8
[15-Dec-2024 15:14:26 Europe/Berlin] PHP Warning:  Constant REDIRECT_URI already defined in C:\xampp\htdocs\KanpokoHack\Beñat\kanpokohack\project-root\config\config.php on line 9
[15-Dec-2024 15:14:26 Europe/Berlin] PHP Warning:  Constant REDIRECT_URI_LOGOUT already defined in C:\xampp\htdocs\KanpokoHack\Beñat\kanpokohack\project-root\config\config.php on line 10
[15-Dec-2024 15:14:26 Europe/Berlin] PHP Warning:  Constant CERT already defined in C:\xampp\htdocs\KanpokoHack\Beñat\kanpokohack\project-root\config\config.php on line 13
[15-Dec-2024 15:14:26 Europe/Berlin] PHP Warning:  Constant KEY already defined in C:\xampp\htdocs\KanpokoHack\Beñat\kanpokohack\project-root\config\config.php on line 14
[15-Dec-2024 15:14:26 Europe/Berlin] PHP Warning:  Constant CACERT already defined in C:\xampp\htdocs\KanpokoHack\Beñat\kanpokohack\project-root\config\config.php on line 15
[15-Dec-2024 15:14:26 Europe/Berlin] PHP Warning:  Constant INFOCARDS1 already defined in C:\xampp\htdocs\KanpokoHack\Beñat\kanpokohack\project-root\config\config.php on line 18
[15-Dec-2024 15:14:26 Europe/Berlin] PHP Warning:  Constant ENABLECARDS1 already defined in C:\xampp\htdocs\KanpokoHack\Beñat\kanpokohack\project-root\config\config.php on line 19
[15-Dec-2024 15:14:27 Europe/Berlin] PHP Warning:  Constant KEYCLOAK_URL already defined in C:\xampp\htdocs\KanpokoHack\Beñat\kanpokohack\project-root\config\config.php on line 5
[15-Dec-2024 15:14:27 Europe/Berlin] PHP Warning:  Constant REALM already defined in C:\xampp\htdocs\KanpokoHack\Beñat\kanpokohack\project-root\config\config.php on line 6
[15-Dec-2024 15:14:27 Europe/Berlin] PHP Warning:  Constant CLIENT_ID already defined in C:\xampp\htdocs\KanpokoHack\Beñat\kanpokohack\project-root\config\config.php on line 7
[15-Dec-2024 15:14:27 Europe/Berlin] PHP Warning:  Constant CLIENT_SECRET already defined in C:\xampp\htdocs\KanpokoHack\Beñat\kanpokohack\project-root\config\config.php on line 8
[15-Dec-2024 15:14:27 Europe/Berlin] PHP Warning:  Constant REDIRECT_URI already defined in C:\xampp\htdocs\KanpokoHack\Beñat\kanpokohack\project-root\config\config.php on line 9
[15-Dec-2024 15:14:27 Europe/Berlin] PHP Warning:  Constant REDIRECT_URI_LOGOUT already defined in C:\xampp\htdocs\KanpokoHack\Beñat\kanpokohack\project-root\config\config.php on line 10
[15-Dec-2024 15:14:28 Europe/Berlin] PHP Warning:  Constant CERT already defined in C:\xampp\htdocs\KanpokoHack\Beñat\kanpokohack\project-root\config\config.php on line 13
[15-Dec-2024 15:14:28 Europe/Berlin] PHP Warning:  Constant KEY already defined in C:\xampp\htdocs\KanpokoHack\Beñat\kanpokohack\project-root\config\config.php on line 14
[15-Dec-2024 15:14:28 Europe/Berlin] PHP Warning:  Constant CACERT already defined in C:\xampp\htdocs\KanpokoHack\Beñat\kanpokohack\project-root\config\config.php on line 15
[15-Dec-2024 15:14:28 Europe/Berlin] PHP Warning:  Constant INFOCARDS1 already defined in C:\xampp\htdocs\KanpokoHack\Beñat\kanpokohack\project-root\config\config.php on line 18
[15-Dec-2024 15:14:28 Europe/Berlin] PHP Warning:  Constant ENABLECARDS1 already defined in C:\xampp\htdocs\KanpokoHack\Beñat\kanpokohack\project-root\config\config.php on line 19
[15-Dec-2024 15:14:44 Europe/Berlin] PHP Warning:  Constant KEYCLOAK_URL already defined in C:\xampp\htdocs\KanpokoHack\Beñat\kanpokohack\project-root\config\config.php on line 5
[15-Dec-2024 15:14:44 Europe/Berlin] PHP Warning:  Constant REALM already defined in C:\xampp\htdocs\KanpokoHack\Beñat\kanpokohack\project-root\config\config.php on line 6
[15-Dec-2024 15:14:44 Europe/Berlin] PHP Warning:  Constant CLIENT_ID already defined in C:\xampp\htdocs\KanpokoHack\Beñat\kanpokohack\project-root\config\config.php on line 7
[15-Dec-2024 15:14:44 Europe/Berlin] PHP Warning:  Constant CLIENT_SECRET already defined in C:\xampp\htdocs\KanpokoHack\Beñat\kanpokohack\project-root\config\config.php on line 8
[15-Dec-2024 15:14:44 Europe/Berlin] PHP Warning:  Constant REDIRECT_URI already defined in C:\xampp\htdocs\KanpokoHack\Beñat\kanpokohack\project-root\config\config.php on line 9
[15-Dec-2024 15:14:44 Europe/Berlin] PHP Warning:  Constant REDIRECT_URI_LOGOUT already defined in C:\xampp\htdocs\KanpokoHack\Beñat\kanpokohack\project-root\config\config.php on line 10
[15-Dec-2024 15:14:44 Europe/Berlin] PHP Warning:  Constant CERT already defined in C:\xampp\htdocs\KanpokoHack\Beñat\kanpokohack\project-root\config\config.php on line 13
[15-Dec-2024 15:14:44 Europe/Berlin] PHP Warning:  Constant KEY already defined in C:\xampp\htdocs\KanpokoHack\Beñat\kanpokohack\project-root\config\config.php on line 14
[15-Dec-2024 15:14:44 Europe/Berlin] PHP Warning:  Constant CACERT already defined in C:\xampp\htdocs\KanpokoHack\Beñat\kanpokohack\project-root\config\config.php on line 15
[15-Dec-2024 15:14:44 Europe/Berlin] PHP Warning:  Constant INFOCARDS1 already defined in C:\xampp\htdocs\KanpokoHack\Beñat\kanpokohack\project-root\config\config.php on line 18
[15-Dec-2024 15:14:44 Europe/Berlin] PHP Warning:  Constant ENABLECARDS1 already defined in C:\xampp\htdocs\KanpokoHack\Beñat\kanpokohack\project-root\config\config.php on line 19
[15-Dec-2024 15:15:00 Europe/Berlin] PHP Warning:  Constant KEYCLOAK_URL already defined in C:\xampp\htdocs\KanpokoHack\Beñat\kanpokohack\project-root\config\config.php on line 5
[15-Dec-2024 15:15:00 Europe/Berlin] PHP Warning:  Constant REALM already defined in C:\xampp\htdocs\KanpokoHack\Beñat\kanpokohack\project-root\config\config.php on line 6
[15-Dec-2024 15:15:00 Europe/Berlin] PHP Warning:  Constant CLIENT_ID already defined in C:\xampp\htdocs\KanpokoHack\Beñat\kanpokohack\project-root\config\config.php on line 7
[15-Dec-2024 15:15:00 Europe/Berlin] PHP Warning:  Constant CLIENT_SECRET already defined in C:\xampp\htdocs\KanpokoHack\Beñat\kanpokohack\project-root\config\config.php on line 8
[15-Dec-2024 15:15:00 Europe/Berlin] PHP Warning:  Constant REDIRECT_URI already defined in C:\xampp\htdocs\KanpokoHack\Beñat\kanpokohack\project-root\config\config.php on line 9
[15-Dec-2024 15:15:00 Europe/Berlin] PHP Warning:  Constant REDIRECT_URI_LOGOUT already defined in C:\xampp\htdocs\KanpokoHack\Beñat\kanpokohack\project-root\config\config.php on line 10
[15-Dec-2024 15:15:00 Europe/Berlin] PHP Warning:  Constant CERT already defined in C:\xampp\htdocs\KanpokoHack\Beñat\kanpokohack\project-root\config\config.php on line 13
[15-Dec-2024 15:15:00 Europe/Berlin] PHP Warning:  Constant KEY already defined in C:\xampp\htdocs\KanpokoHack\Beñat\kanpokohack\project-root\config\config.php on line 14
[15-Dec-2024 15:15:00 Europe/Berlin] PHP Warning:  Constant CACERT already defined in C:\xampp\htdocs\KanpokoHack\Beñat\kanpokohack\project-root\config\config.php on line 15
[15-Dec-2024 15:15:00 Europe/Berlin] PHP Warning:  Constant INFOCARDS1 already defined in C:\xampp\htdocs\KanpokoHack\Beñat\kanpokohack\project-root\config\config.php on line 18
[15-Dec-2024 15:15:00 Europe/Berlin] PHP Warning:  Constant ENABLECARDS1 already defined in C:\xampp\htdocs\KanpokoHack\Beñat\kanpokohack\project-root\config\config.php on line 19
[15-Dec-2024 15:15:08 Europe/Berlin] PHP Warning:  Constant KEYCLOAK_URL already defined in C:\xampp\htdocs\KanpokoHack\Beñat\kanpokohack\project-root\config\config.php on line 5
[15-Dec-2024 15:15:08 Europe/Berlin] PHP Warning:  Constant REALM already defined in C:\xampp\htdocs\KanpokoHack\Beñat\kanpokohack\project-root\config\config.php on line 6
[15-Dec-2024 15:15:08 Europe/Berlin] PHP Warning:  Constant CLIENT_ID already defined in C:\xampp\htdocs\KanpokoHack\Beñat\kanpokohack\project-root\config\config.php on line 7
[15-Dec-2024 15:15:08 Europe/Berlin] PHP Warning:  Constant CLIENT_SECRET already defined in C:\xampp\htdocs\KanpokoHack\Beñat\kanpokohack\project-root\config\config.php on line 8
[15-Dec-2024 15:15:08 Europe/Berlin] PHP Warning:  Constant REDIRECT_URI already defined in C:\xampp\htdocs\KanpokoHack\Beñat\kanpokohack\project-root\config\config.php on line 9
[15-Dec-2024 15:15:08 Europe/Berlin] PHP Warning:  Constant REDIRECT_URI_LOGOUT already defined in C:\xampp\htdocs\KanpokoHack\Beñat\kanpokohack\project-root\config\config.php on line 10
[15-Dec-2024 15:15:08 Europe/Berlin] PHP Warning:  Constant CERT already defined in C:\xampp\htdocs\KanpokoHack\Beñat\kanpokohack\project-root\config\config.php on line 13
[15-Dec-2024 15:15:08 Europe/Berlin] PHP Warning:  Constant KEY already defined in C:\xampp\htdocs\KanpokoHack\Beñat\kanpokohack\project-root\config\config.php on line 14
[15-Dec-2024 15:15:08 Europe/Berlin] PHP Warning:  Constant CACERT already defined in C:\xampp\htdocs\KanpokoHack\Beñat\kanpokohack\project-root\config\config.php on line 15
[15-Dec-2024 15:15:08 Europe/Berlin] PHP Warning:  Constant INFOCARDS1 already defined in C:\xampp\htdocs\KanpokoHack\Beñat\kanpokohack\project-root\config\config.php on line 18
[15-Dec-2024 15:15:08 Europe/Berlin] PHP Warning:  Constant ENABLECARDS1 already defined in C:\xampp\htdocs\KanpokoHack\Beñat\kanpokohack\project-root\config\config.php on line 19
[15-Dec-2024 15:15:09 Europe/Berlin] PHP Warning:  Constant KEYCLOAK_URL already defined in C:\xampp\htdocs\KanpokoHack\Beñat\kanpokohack\project-root\config\config.php on line 5
[15-Dec-2024 15:15:09 Europe/Berlin] PHP Warning:  Constant REALM already defined in C:\xampp\htdocs\KanpokoHack\Beñat\kanpokohack\project-root\config\config.php on line 6
[15-Dec-2024 15:15:09 Europe/Berlin] PHP Warning:  Constant CLIENT_ID already defined in C:\xampp\htdocs\KanpokoHack\Beñat\kanpokohack\project-root\config\config.php on line 7
[15-Dec-2024 15:15:09 Europe/Berlin] PHP Warning:  Constant CLIENT_SECRET already defined in C:\xampp\htdocs\KanpokoHack\Beñat\kanpokohack\project-root\config\config.php on line 8
[15-Dec-2024 15:15:09 Europe/Berlin] PHP Warning:  Constant REDIRECT_URI already defined in C:\xampp\htdocs\KanpokoHack\Beñat\kanpokohack\project-root\config\config.php on line 9
[15-Dec-2024 15:15:09 Europe/Berlin] PHP Warning:  Constant REDIRECT_URI_LOGOUT already defined in C:\xampp\htdocs\KanpokoHack\Beñat\kanpokohack\project-root\config\config.php on line 10
[15-Dec-2024 15:15:09 Europe/Berlin] PHP Warning:  Constant CERT already defined in C:\xampp\htdocs\KanpokoHack\Beñat\kanpokohack\project-root\config\config.php on line 13
[15-Dec-2024 15:15:09 Europe/Berlin] PHP Warning:  Constant KEY already defined in C:\xampp\htdocs\KanpokoHack\Beñat\kanpokohack\project-root\config\config.php on line 14
[15-Dec-2024 15:15:09 Europe/Berlin] PHP Warning:  Constant CACERT already defined in C:\xampp\htdocs\KanpokoHack\Beñat\kanpokohack\project-root\config\config.php on line 15
[15-Dec-2024 15:15:09 Europe/Berlin] PHP Warning:  Constant INFOCARDS1 already defined in C:\xampp\htdocs\KanpokoHack\Beñat\kanpokohack\project-root\config\config.php on line 18
[15-Dec-2024 15:15:09 Europe/Berlin] PHP Warning:  Constant ENABLECARDS1 already defined in C:\xampp\htdocs\KanpokoHack\Beñat\kanpokohack\project-root\config\config.php on line 19
[15-Dec-2024 15:15:10 Europe/Berlin] PHP Warning:  Constant KEYCLOAK_URL already defined in C:\xampp\htdocs\KanpokoHack\Beñat\kanpokohack\project-root\config\config.php on line 5
[15-Dec-2024 15:15:10 Europe/Berlin] PHP Warning:  Constant REALM already defined in C:\xampp\htdocs\KanpokoHack\Beñat\kanpokohack\project-root\config\config.php on line 6
[15-Dec-2024 15:15:10 Europe/Berlin] PHP Warning:  Constant CLIENT_ID already defined in C:\xampp\htdocs\KanpokoHack\Beñat\kanpokohack\project-root\config\config.php on line 7
[15-Dec-2024 15:15:10 Europe/Berlin] PHP Warning:  Constant CLIENT_SECRET already defined in C:\xampp\htdocs\KanpokoHack\Beñat\kanpokohack\project-root\config\config.php on line 8
[15-Dec-2024 15:15:10 Europe/Berlin] PHP Warning:  Constant REDIRECT_URI already defined in C:\xampp\htdocs\KanpokoHack\Beñat\kanpokohack\project-root\config\config.php on line 9
[15-Dec-2024 15:15:10 Europe/Berlin] PHP Warning:  Constant REDIRECT_URI_LOGOUT already defined in C:\xampp\htdocs\KanpokoHack\Beñat\kanpokohack\project-root\config\config.php on line 10
[15-Dec-2024 15:15:10 Europe/Berlin] PHP Warning:  Constant CERT already defined in C:\xampp\htdocs\KanpokoHack\Beñat\kanpokohack\project-root\config\config.php on line 13
[15-Dec-2024 15:15:10 Europe/Berlin] PHP Warning:  Constant KEY already defined in C:\xampp\htdocs\KanpokoHack\Beñat\kanpokohack\project-root\config\config.php on line 14
[15-Dec-2024 15:15:10 Europe/Berlin] PHP Warning:  Constant CACERT already defined in C:\xampp\htdocs\KanpokoHack\Beñat\kanpokohack\project-root\config\config.php on line 15
[15-Dec-2024 15:15:10 Europe/Berlin] PHP Warning:  Constant INFOCARDS1 already defined in C:\xampp\htdocs\KanpokoHack\Beñat\kanpokohack\project-root\config\config.php on line 18
[15-Dec-2024 15:15:10 Europe/Berlin] PHP Warning:  Constant ENABLECARDS1 already defined in C:\xampp\htdocs\KanpokoHack\Beñat\kanpokohack\project-root\config\config.php on line 19
[15-Dec-2024 15:15:13 Europe/Berlin] PHP Warning:  Constant KEYCLOAK_URL already defined in C:\xampp\htdocs\KanpokoHack\Beñat\kanpokohack\project-root\config\config.php on line 5
[15-Dec-2024 15:15:13 Europe/Berlin] PHP Warning:  Constant REALM already defined in C:\xampp\htdocs\KanpokoHack\Beñat\kanpokohack\project-root\config\config.php on line 6
[15-Dec-2024 15:15:13 Europe/Berlin] PHP Warning:  Constant CLIENT_ID already defined in C:\xampp\htdocs\KanpokoHack\Beñat\kanpokohack\project-root\config\config.php on line 7
[15-Dec-2024 15:15:13 Europe/Berlin] PHP Warning:  Constant CLIENT_SECRET already defined in C:\xampp\htdocs\KanpokoHack\Beñat\kanpokohack\project-root\config\config.php on line 8
[15-Dec-2024 15:15:13 Europe/Berlin] PHP Warning:  Constant REDIRECT_URI already defined in C:\xampp\htdocs\KanpokoHack\Beñat\kanpokohack\project-root\config\config.php on line 9
[15-Dec-2024 15:15:13 Europe/Berlin] PHP Warning:  Constant REDIRECT_URI_LOGOUT already defined in C:\xampp\htdocs\KanpokoHack\Beñat\kanpokohack\project-root\config\config.php on line 10
[15-Dec-2024 15:15:13 Europe/Berlin] PHP Warning:  Constant CERT already defined in C:\xampp\htdocs\KanpokoHack\Beñat\kanpokohack\project-root\config\config.php on line 13
[15-Dec-2024 15:15:13 Europe/Berlin] PHP Warning:  Constant KEY already defined in C:\xampp\htdocs\KanpokoHack\Beñat\kanpokohack\project-root\config\config.php on line 14
[15-Dec-2024 15:15:13 Europe/Berlin] PHP Warning:  Constant CACERT already defined in C:\xampp\htdocs\KanpokoHack\Beñat\kanpokohack\project-root\config\config.php on line 15
[15-Dec-2024 15:15:13 Europe/Berlin] PHP Warning:  Constant INFOCARDS1 already defined in C:\xampp\htdocs\KanpokoHack\Beñat\kanpokohack\project-root\config\config.php on line 18
[15-Dec-2024 15:15:13 Europe/Berlin] PHP Warning:  Constant ENABLECARDS1 already defined in C:\xampp\htdocs\KanpokoHack\Beñat\kanpokohack\project-root\config\config.php on line 19
[15-Dec-2024 15:15:34 Europe/Berlin] PHP Warning:  Constant KEYCLOAK_URL already defined in C:\xampp\htdocs\KanpokoHack\Beñat\kanpokohack\project-root\config\config.php on line 5
[15-Dec-2024 15:15:34 Europe/Berlin] PHP Warning:  Constant REALM already defined in C:\xampp\htdocs\KanpokoHack\Beñat\kanpokohack\project-root\config\config.php on line 6
[15-Dec-2024 15:15:34 Europe/Berlin] PHP Warning:  Constant CLIENT_ID already defined in C:\xampp\htdocs\KanpokoHack\Beñat\kanpokohack\project-root\config\config.php on line 7
[15-Dec-2024 15:15:34 Europe/Berlin] PHP Warning:  Constant CLIENT_SECRET already defined in C:\xampp\htdocs\KanpokoHack\Beñat\kanpokohack\project-root\config\config.php on line 8
[15-Dec-2024 15:15:34 Europe/Berlin] PHP Warning:  Constant REDIRECT_URI already defined in C:\xampp\htdocs\KanpokoHack\Beñat\kanpokohack\project-root\config\config.php on line 9
[15-Dec-2024 15:15:34 Europe/Berlin] PHP Warning:  Constant REDIRECT_URI_LOGOUT already defined in C:\xampp\htdocs\KanpokoHack\Beñat\kanpokohack\project-root\config\config.php on line 10
[15-Dec-2024 15:15:34 Europe/Berlin] PHP Warning:  Constant CERT already defined in C:\xampp\htdocs\KanpokoHack\Beñat\kanpokohack\project-root\config\config.php on line 13
[15-Dec-2024 15:15:34 Europe/Berlin] PHP Warning:  Constant KEY already defined in C:\xampp\htdocs\KanpokoHack\Beñat\kanpokohack\project-root\config\config.php on line 14
[15-Dec-2024 15:15:34 Europe/Berlin] PHP Warning:  Constant CACERT already defined in C:\xampp\htdocs\KanpokoHack\Beñat\kanpokohack\project-root\config\config.php on line 15
[15-Dec-2024 15:15:34 Europe/Berlin] PHP Warning:  Constant INFOCARDS1 already defined in C:\xampp\htdocs\KanpokoHack\Beñat\kanpokohack\project-root\config\config.php on line 18
[15-Dec-2024 15:15:34 Europe/Berlin] PHP Warning:  Constant ENABLECARDS1 already defined in C:\xampp\htdocs\KanpokoHack\Beñat\kanpokohack\project-root\config\config.php on line 19
[15-Dec-2024 15:15:44 Europe/Berlin] PHP Warning:  Constant KEYCLOAK_URL already defined in C:\xampp\htdocs\KanpokoHack\Beñat\kanpokohack\project-root\config\config.php on line 5
[15-Dec-2024 15:15:44 Europe/Berlin] PHP Warning:  Constant REALM already defined in C:\xampp\htdocs\KanpokoHack\Beñat\kanpokohack\project-root\config\config.php on line 6
[15-Dec-2024 15:15:44 Europe/Berlin] PHP Warning:  Constant CLIENT_ID already defined in C:\xampp\htdocs\KanpokoHack\Beñat\kanpokohack\project-root\config\config.php on line 7
[15-Dec-2024 15:15:44 Europe/Berlin] PHP Warning:  Constant CLIENT_SECRET already defined in C:\xampp\htdocs\KanpokoHack\Beñat\kanpokohack\project-root\config\config.php on line 8
[15-Dec-2024 15:15:44 Europe/Berlin] PHP Warning:  Constant REDIRECT_URI already defined in C:\xampp\htdocs\KanpokoHack\Beñat\kanpokohack\project-root\config\config.php on line 9
[15-Dec-2024 15:15:44 Europe/Berlin] PHP Warning:  Constant REDIRECT_URI_LOGOUT already defined in C:\xampp\htdocs\KanpokoHack\Beñat\kanpokohack\project-root\config\config.php on line 10
[15-Dec-2024 15:15:44 Europe/Berlin] PHP Warning:  Constant CERT already defined in C:\xampp\htdocs\KanpokoHack\Beñat\kanpokohack\project-root\config\config.php on line 13
[15-Dec-2024 15:15:44 Europe/Berlin] PHP Warning:  Constant KEY already defined in C:\xampp\htdocs\KanpokoHack\Beñat\kanpokohack\project-root\config\config.php on line 14
[15-Dec-2024 15:15:44 Europe/Berlin] PHP Warning:  Constant CACERT already defined in C:\xampp\htdocs\KanpokoHack\Beñat\kanpokohack\project-root\config\config.php on line 15
[15-Dec-2024 15:15:44 Europe/Berlin] PHP Warning:  Constant INFOCARDS1 already defined in C:\xampp\htdocs\KanpokoHack\Beñat\kanpokohack\project-root\config\config.php on line 18
[15-Dec-2024 15:15:44 Europe/Berlin] PHP Warning:  Constant ENABLECARDS1 already defined in C:\xampp\htdocs\KanpokoHack\Beñat\kanpokohack\project-root\config\config.php on line 19
[15-Dec-2024 15:15:45 Europe/Berlin] PHP Warning:  Constant KEYCLOAK_URL already defined in C:\xampp\htdocs\KanpokoHack\Beñat\kanpokohack\project-root\config\config.php on line 5
[15-Dec-2024 15:15:45 Europe/Berlin] PHP Warning:  Constant REALM already defined in C:\xampp\htdocs\KanpokoHack\Beñat\kanpokohack\project-root\config\config.php on line 6
[15-Dec-2024 15:15:45 Europe/Berlin] PHP Warning:  Constant CLIENT_ID already defined in C:\xampp\htdocs\KanpokoHack\Beñat\kanpokohack\project-root\config\config.php on line 7
[15-Dec-2024 15:15:45 Europe/Berlin] PHP Warning:  Constant CLIENT_SECRET already defined in C:\xampp\htdocs\KanpokoHack\Beñat\kanpokohack\project-root\config\config.php on line 8
[15-Dec-2024 15:15:45 Europe/Berlin] PHP Warning:  Constant REDIRECT_URI already defined in C:\xampp\htdocs\KanpokoHack\Beñat\kanpokohack\project-root\config\config.php on line 9
[15-Dec-2024 15:15:45 Europe/Berlin] PHP Warning:  Constant REDIRECT_URI_LOGOUT already defined in C:\xampp\htdocs\KanpokoHack\Beñat\kanpokohack\project-root\config\config.php on line 10
[15-Dec-2024 15:15:45 Europe/Berlin] PHP Warning:  Constant CERT already defined in C:\xampp\htdocs\KanpokoHack\Beñat\kanpokohack\project-root\config\config.php on line 13
[15-Dec-2024 15:15:45 Europe/Berlin] PHP Warning:  Constant KEY already defined in C:\xampp\htdocs\KanpokoHack\Beñat\kanpokohack\project-root\config\config.php on line 14
[15-Dec-2024 15:15:45 Europe/Berlin] PHP Warning:  Constant CACERT already defined in C:\xampp\htdocs\KanpokoHack\Beñat\kanpokohack\project-root\config\config.php on line 15
[15-Dec-2024 15:15:45 Europe/Berlin] PHP Warning:  Constant INFOCARDS1 already defined in C:\xampp\htdocs\KanpokoHack\Beñat\kanpokohack\project-root\config\config.php on line 18
[15-Dec-2024 15:15:45 Europe/Berlin] PHP Warning:  Constant ENABLECARDS1 already defined in C:\xampp\htdocs\KanpokoHack\Beñat\kanpokohack\project-root\config\config.php on line 19
[15-Dec-2024 15:15:55 Europe/Berlin] PHP Warning:  Constant KEYCLOAK_URL already defined in C:\xampp\htdocs\KanpokoHack\Beñat\kanpokohack\project-root\config\config.php on line 5
[15-Dec-2024 15:15:55 Europe/Berlin] PHP Warning:  Constant REALM already defined in C:\xampp\htdocs\KanpokoHack\Beñat\kanpokohack\project-root\config\config.php on line 6
[15-Dec-2024 15:15:55 Europe/Berlin] PHP Warning:  Constant CLIENT_ID already defined in C:\xampp\htdocs\KanpokoHack\Beñat\kanpokohack\project-root\config\config.php on line 7
[15-Dec-2024 15:15:55 Europe/Berlin] PHP Warning:  Constant CLIENT_SECRET already defined in C:\xampp\htdocs\KanpokoHack\Beñat\kanpokohack\project-root\config\config.php on line 8
[15-Dec-2024 15:15:55 Europe/Berlin] PHP Warning:  Constant REDIRECT_URI already defined in C:\xampp\htdocs\KanpokoHack\Beñat\kanpokohack\project-root\config\config.php on line 9
[15-Dec-2024 15:15:55 Europe/Berlin] PHP Warning:  Constant REDIRECT_URI_LOGOUT already defined in C:\xampp\htdocs\KanpokoHack\Beñat\kanpokohack\project-root\config\config.php on line 10
[15-Dec-2024 15:15:55 Europe/Berlin] PHP Warning:  Constant CERT already defined in C:\xampp\htdocs\KanpokoHack\Beñat\kanpokohack\project-root\config\config.php on line 13
[15-Dec-2024 15:15:55 Europe/Berlin] PHP Warning:  Constant KEY already defined in C:\xampp\htdocs\KanpokoHack\Beñat\kanpokohack\project-root\config\config.php on line 14
[15-Dec-2024 15:15:55 Europe/Berlin] PHP Warning:  Constant CACERT already defined in C:\xampp\htdocs\KanpokoHack\Beñat\kanpokohack\project-root\config\config.php on line 15
[15-Dec-2024 15:15:55 Europe/Berlin] PHP Warning:  Constant INFOCARDS1 already defined in C:\xampp\htdocs\KanpokoHack\Beñat\kanpokohack\project-root\config\config.php on line 18
[15-Dec-2024 15:15:55 Europe/Berlin] PHP Warning:  Constant ENABLECARDS1 already defined in C:\xampp\htdocs\KanpokoHack\Beñat\kanpokohack\project-root\config\config.php on line 19
[15-Dec-2024 15:16:01 Europe/Berlin] PHP Warning:  Constant KEYCLOAK_URL already defined in C:\xampp\htdocs\KanpokoHack\Beñat\kanpokohack\project-root\config\config.php on line 5
[15-Dec-2024 15:16:01 Europe/Berlin] PHP Warning:  Constant REALM already defined in C:\xampp\htdocs\KanpokoHack\Beñat\kanpokohack\project-root\config\config.php on line 6
[15-Dec-2024 15:16:01 Europe/Berlin] PHP Warning:  Constant CLIENT_ID already defined in C:\xampp\htdocs\KanpokoHack\Beñat\kanpokohack\project-root\config\config.php on line 7
[15-Dec-2024 15:16:01 Europe/Berlin] PHP Warning:  Constant CLIENT_SECRET already defined in C:\xampp\htdocs\KanpokoHack\Beñat\kanpokohack\project-root\config\config.php on line 8
[15-Dec-2024 15:16:01 Europe/Berlin] PHP Warning:  Constant REDIRECT_URI already defined in C:\xampp\htdocs\KanpokoHack\Beñat\kanpokohack\project-root\config\config.php on line 9
[15-Dec-2024 15:16:01 Europe/Berlin] PHP Warning:  Constant REDIRECT_URI_LOGOUT already defined in C:\xampp\htdocs\KanpokoHack\Beñat\kanpokohack\project-root\config\config.php on line 10
[15-Dec-2024 15:16:01 Europe/Berlin] PHP Warning:  Constant CERT already defined in C:\xampp\htdocs\KanpokoHack\Beñat\kanpokohack\project-root\config\config.php on line 13
[15-Dec-2024 15:16:01 Europe/Berlin] PHP Warning:  Constant KEY already defined in C:\xampp\htdocs\KanpokoHack\Beñat\kanpokohack\project-root\config\config.php on line 14
[15-Dec-2024 15:16:01 Europe/Berlin] PHP Warning:  Constant CACERT already defined in C:\xampp\htdocs\KanpokoHack\Beñat\kanpokohack\project-root\config\config.php on line 15
[15-Dec-2024 15:16:01 Europe/Berlin] PHP Warning:  Constant INFOCARDS1 already defined in C:\xampp\htdocs\KanpokoHack\Beñat\kanpokohack\project-root\config\config.php on line 18
[15-Dec-2024 15:16:01 Europe/Berlin] PHP Warning:  Constant ENABLECARDS1 already defined in C:\xampp\htdocs\KanpokoHack\Beñat\kanpokohack\project-root\config\config.php on line 19
[15-Dec-2024 15:16:03 Europe/Berlin] PHP Warning:  Constant KEYCLOAK_URL already defined in C:\xampp\htdocs\KanpokoHack\Beñat\kanpokohack\project-root\config\config.php on line 5
[15-Dec-2024 15:16:03 Europe/Berlin] PHP Warning:  Constant REALM already defined in C:\xampp\htdocs\KanpokoHack\Beñat\kanpokohack\project-root\config\config.php on line 6
[15-Dec-2024 15:16:03 Europe/Berlin] PHP Warning:  Constant CLIENT_ID already defined in C:\xampp\htdocs\KanpokoHack\Beñat\kanpokohack\project-root\config\config.php on line 7
[15-Dec-2024 15:16:03 Europe/Berlin] PHP Warning:  Constant CLIENT_SECRET already defined in C:\xampp\htdocs\KanpokoHack\Beñat\kanpokohack\project-root\config\config.php on line 8
[15-Dec-2024 15:16:03 Europe/Berlin] PHP Warning:  Constant REDIRECT_URI already defined in C:\xampp\htdocs\KanpokoHack\Beñat\kanpokohack\project-root\config\config.php on line 9
[15-Dec-2024 15:16:03 Europe/Berlin] PHP Warning:  Constant REDIRECT_URI_LOGOUT already defined in C:\xampp\htdocs\KanpokoHack\Beñat\kanpokohack\project-root\config\config.php on line 10
[15-Dec-2024 15:16:03 Europe/Berlin] PHP Warning:  Constant CERT already defined in C:\xampp\htdocs\KanpokoHack\Beñat\kanpokohack\project-root\config\config.php on line 13
[15-Dec-2024 15:16:03 Europe/Berlin] PHP Warning:  Constant KEY already defined in C:\xampp\htdocs\KanpokoHack\Beñat\kanpokohack\project-root\config\config.php on line 14
[15-Dec-2024 15:16:03 Europe/Berlin] PHP Warning:  Constant CACERT already defined in C:\xampp\htdocs\KanpokoHack\Beñat\kanpokohack\project-root\config\config.php on line 15
[15-Dec-2024 15:16:03 Europe/Berlin] PHP Warning:  Constant INFOCARDS1 already defined in C:\xampp\htdocs\KanpokoHack\Beñat\kanpokohack\project-root\config\config.php on line 18
[15-Dec-2024 15:16:03 Europe/Berlin] PHP Warning:  Constant ENABLECARDS1 already defined in C:\xampp\htdocs\KanpokoHack\Beñat\kanpokohack\project-root\config\config.php on line 19
[15-Dec-2024 15:16:09 Europe/Berlin] PHP Warning:  Constant KEYCLOAK_URL already defined in C:\xampp\htdocs\KanpokoHack\Beñat\kanpokohack\project-root\config\config.php on line 5
[15-Dec-2024 15:16:09 Europe/Berlin] PHP Warning:  Constant REALM already defined in C:\xampp\htdocs\KanpokoHack\Beñat\kanpokohack\project-root\config\config.php on line 6
[15-Dec-2024 15:16:09 Europe/Berlin] PHP Warning:  Constant CLIENT_ID already defined in C:\xampp\htdocs\KanpokoHack\Beñat\kanpokohack\project-root\config\config.php on line 7
[15-Dec-2024 15:16:09 Europe/Berlin] PHP Warning:  Constant CLIENT_SECRET already defined in C:\xampp\htdocs\KanpokoHack\Beñat\kanpokohack\project-root\config\config.php on line 8
[15-Dec-2024 15:16:09 Europe/Berlin] PHP Warning:  Constant REDIRECT_URI already defined in C:\xampp\htdocs\KanpokoHack\Beñat\kanpokohack\project-root\config\config.php on line 9
[15-Dec-2024 15:16:09 Europe/Berlin] PHP Warning:  Constant REDIRECT_URI_LOGOUT already defined in C:\xampp\htdocs\KanpokoHack\Beñat\kanpokohack\project-root\config\config.php on line 10
[15-Dec-2024 15:16:09 Europe/Berlin] PHP Warning:  Constant CERT already defined in C:\xampp\htdocs\KanpokoHack\Beñat\kanpokohack\project-root\config\config.php on line 13
[15-Dec-2024 15:16:09 Europe/Berlin] PHP Warning:  Constant KEY already defined in C:\xampp\htdocs\KanpokoHack\Beñat\kanpokohack\project-root\config\config.php on line 14
[15-Dec-2024 15:16:09 Europe/Berlin] PHP Warning:  Constant CACERT already defined in C:\xampp\htdocs\KanpokoHack\Beñat\kanpokohack\project-root\config\config.php on line 15
[15-Dec-2024 15:16:09 Europe/Berlin] PHP Warning:  Constant INFOCARDS1 already defined in C:\xampp\htdocs\KanpokoHack\Beñat\kanpokohack\project-root\config\config.php on line 18
[15-Dec-2024 15:16:09 Europe/Berlin] PHP Warning:  Constant ENABLECARDS1 already defined in C:\xampp\htdocs\KanpokoHack\Beñat\kanpokohack\project-root\config\config.php on line 19
[15-Dec-2024 15:16:10 Europe/Berlin] PHP Warning:  Constant KEYCLOAK_URL already defined in C:\xampp\htdocs\KanpokoHack\Beñat\kanpokohack\project-root\config\config.php on line 5
[15-Dec-2024 15:16:10 Europe/Berlin] PHP Warning:  Constant REALM already defined in C:\xampp\htdocs\KanpokoHack\Beñat\kanpokohack\project-root\config\config.php on line 6
[15-Dec-2024 15:16:10 Europe/Berlin] PHP Warning:  Constant CLIENT_ID already defined in C:\xampp\htdocs\KanpokoHack\Beñat\kanpokohack\project-root\config\config.php on line 7
[15-Dec-2024 15:16:10 Europe/Berlin] PHP Warning:  Constant CLIENT_SECRET already defined in C:\xampp\htdocs\KanpokoHack\Beñat\kanpokohack\project-root\config\config.php on line 8
[15-Dec-2024 15:16:10 Europe/Berlin] PHP Warning:  Constant REDIRECT_URI already defined in C:\xampp\htdocs\KanpokoHack\Beñat\kanpokohack\project-root\config\config.php on line 9
[15-Dec-2024 15:16:10 Europe/Berlin] PHP Warning:  Constant REDIRECT_URI_LOGOUT already defined in C:\xampp\htdocs\KanpokoHack\Beñat\kanpokohack\project-root\config\config.php on line 10
[15-Dec-2024 15:16:10 Europe/Berlin] PHP Warning:  Constant CERT already defined in C:\xampp\htdocs\KanpokoHack\Beñat\kanpokohack\project-root\config\config.php on line 13
[15-Dec-2024 15:16:10 Europe/Berlin] PHP Warning:  Constant KEY already defined in C:\xampp\htdocs\KanpokoHack\Beñat\kanpokohack\project-root\config\config.php on line 14
[15-Dec-2024 15:16:10 Europe/Berlin] PHP Warning:  Constant CACERT already defined in C:\xampp\htdocs\KanpokoHack\Beñat\kanpokohack\project-root\config\config.php on line 15
[15-Dec-2024 15:16:10 Europe/Berlin] PHP Warning:  Constant INFOCARDS1 already defined in C:\xampp\htdocs\KanpokoHack\Beñat\kanpokohack\project-root\config\config.php on line 18
[15-Dec-2024 15:16:10 Europe/Berlin] PHP Warning:  Constant ENABLECARDS1 already defined in C:\xampp\htdocs\KanpokoHack\Beñat\kanpokohack\project-root\config\config.php on line 19
[15-Dec-2024 15:16:20 Europe/Berlin] PHP Warning:  Constant KEYCLOAK_URL already defined in C:\xampp\htdocs\KanpokoHack\Beñat\kanpokohack\project-root\config\config.php on line 5
[15-Dec-2024 15:16:20 Europe/Berlin] PHP Warning:  Constant REALM already defined in C:\xampp\htdocs\KanpokoHack\Beñat\kanpokohack\project-root\config\config.php on line 6
[15-Dec-2024 15:16:20 Europe/Berlin] PHP Warning:  Constant CLIENT_ID already defined in C:\xampp\htdocs\KanpokoHack\Beñat\kanpokohack\project-root\config\config.php on line 7
[15-Dec-2024 15:16:20 Europe/Berlin] PHP Warning:  Constant CLIENT_SECRET already defined in C:\xampp\htdocs\KanpokoHack\Beñat\kanpokohack\project-root\config\config.php on line 8
[15-Dec-2024 15:16:20 Europe/Berlin] PHP Warning:  Constant REDIRECT_URI already defined in C:\xampp\htdocs\KanpokoHack\Beñat\kanpokohack\project-root\config\config.php on line 9
[15-Dec-2024 15:16:20 Europe/Berlin] PHP Warning:  Constant REDIRECT_URI_LOGOUT already defined in C:\xampp\htdocs\KanpokoHack\Beñat\kanpokohack\project-root\config\config.php on line 10
[15-Dec-2024 15:16:20 Europe/Berlin] PHP Warning:  Constant CERT already defined in C:\xampp\htdocs\KanpokoHack\Beñat\kanpokohack\project-root\config\config.php on line 13
[15-Dec-2024 15:16:20 Europe/Berlin] PHP Warning:  Constant KEY already defined in C:\xampp\htdocs\KanpokoHack\Beñat\kanpokohack\project-root\config\config.php on line 14
[15-Dec-2024 15:16:20 Europe/Berlin] PHP Warning:  Constant CACERT already defined in C:\xampp\htdocs\KanpokoHack\Beñat\kanpokohack\project-root\config\config.php on line 15
[15-Dec-2024 15:16:20 Europe/Berlin] PHP Warning:  Constant INFOCARDS1 already defined in C:\xampp\htdocs\KanpokoHack\Beñat\kanpokohack\project-root\config\config.php on line 18
[15-Dec-2024 15:16:20 Europe/Berlin] PHP Warning:  Constant ENABLECARDS1 already defined in C:\xampp\htdocs\KanpokoHack\Beñat\kanpokohack\project-root\config\config.php on line 19
[15-Dec-2024 15:16:49 Europe/Berlin] PHP Warning:  Constant KEYCLOAK_URL already defined in C:\xampp\htdocs\KanpokoHack\Beñat\kanpokohack\project-root\config\config.php on line 5
[15-Dec-2024 15:16:50 Europe/Berlin] PHP Warning:  Constant REALM already defined in C:\xampp\htdocs\KanpokoHack\Beñat\kanpokohack\project-root\config\config.php on line 6
[15-Dec-2024 15:16:50 Europe/Berlin] PHP Warning:  Constant CLIENT_ID already defined in C:\xampp\htdocs\KanpokoHack\Beñat\kanpokohack\project-root\config\config.php on line 7
[15-Dec-2024 15:16:50 Europe/Berlin] PHP Warning:  Constant CLIENT_SECRET already defined in C:\xampp\htdocs\KanpokoHack\Beñat\kanpokohack\project-root\config\config.php on line 8
[15-Dec-2024 15:16:50 Europe/Berlin] PHP Warning:  Constant REDIRECT_URI already defined in C:\xampp\htdocs\KanpokoHack\Beñat\kanpokohack\project-root\config\config.php on line 9
[15-Dec-2024 15:16:50 Europe/Berlin] PHP Warning:  Constant REDIRECT_URI_LOGOUT already defined in C:\xampp\htdocs\KanpokoHack\Beñat\kanpokohack\project-root\config\config.php on line 10
[15-Dec-2024 15:16:50 Europe/Berlin] PHP Warning:  Constant CERT already defined in C:\xampp\htdocs\KanpokoHack\Beñat\kanpokohack\project-root\config\config.php on line 13
[15-Dec-2024 15:16:50 Europe/Berlin] PHP Warning:  Constant KEY already defined in C:\xampp\htdocs\KanpokoHack\Beñat\kanpokohack\project-root\config\config.php on line 14
[15-Dec-2024 15:16:50 Europe/Berlin] PHP Warning:  Constant CACERT already defined in C:\xampp\htdocs\KanpokoHack\Beñat\kanpokohack\project-root\config\config.php on line 15
[15-Dec-2024 15:16:50 Europe/Berlin] PHP Warning:  Constant INFOCARDS1 already defined in C:\xampp\htdocs\KanpokoHack\Beñat\kanpokohack\project-root\config\config.php on line 18
[15-Dec-2024 15:16:50 Europe/Berlin] PHP Warning:  Constant ENABLECARDS1 already defined in C:\xampp\htdocs\KanpokoHack\Beñat\kanpokohack\project-root\config\config.php on line 19
[15-Dec-2024 15:17:11 Europe/Berlin] PHP Warning:  file_get_contents(http://10.11.0.25:4000/infocards1/user1): Failed to open stream: Se produjo un error durante el intento de conexión ya que la parte conectada no respondió adecuadamente tras un periodo de tiempo, o bien se produjo un error en la conexión establecida ya que el host conectado no ha podido responder in C:\xampp\htdocs\KanpokoHack\Beñat\kanpokohack\project-root\app\pages\cards\cards.php on line 57
[15-Dec-2024 15:17:11 Europe/Berlin] PHP Warning:  Constant KEYCLOAK_URL already defined in C:\xampp\htdocs\KanpokoHack\Beñat\kanpokohack\project-root\config\config.php on line 5
[15-Dec-2024 15:17:11 Europe/Berlin] PHP Warning:  Constant REALM already defined in C:\xampp\htdocs\KanpokoHack\Beñat\kanpokohack\project-root\config\config.php on line 6
[15-Dec-2024 15:17:11 Europe/Berlin] PHP Warning:  Constant CLIENT_ID already defined in C:\xampp\htdocs\KanpokoHack\Beñat\kanpokohack\project-root\config\config.php on line 7
[15-Dec-2024 15:17:11 Europe/Berlin] PHP Warning:  Constant CLIENT_SECRET already defined in C:\xampp\htdocs\KanpokoHack\Beñat\kanpokohack\project-root\config\config.php on line 8
[15-Dec-2024 15:17:11 Europe/Berlin] PHP Warning:  Constant REDIRECT_URI already defined in C:\xampp\htdocs\KanpokoHack\Beñat\kanpokohack\project-root\config\config.php on line 9
[15-Dec-2024 15:17:11 Europe/Berlin] PHP Warning:  Constant REDIRECT_URI_LOGOUT already defined in C:\xampp\htdocs\KanpokoHack\Beñat\kanpokohack\project-root\config\config.php on line 10
[15-Dec-2024 15:17:11 Europe/Berlin] PHP Warning:  Constant CERT already defined in C:\xampp\htdocs\KanpokoHack\Beñat\kanpokohack\project-root\config\config.php on line 13
[15-Dec-2024 15:17:11 Europe/Berlin] PHP Warning:  Constant KEY already defined in C:\xampp\htdocs\KanpokoHack\Beñat\kanpokohack\project-root\config\config.php on line 14
[15-Dec-2024 15:17:11 Europe/Berlin] PHP Warning:  Constant CACERT already defined in C:\xampp\htdocs\KanpokoHack\Beñat\kanpokohack\project-root\config\config.php on line 15
[15-Dec-2024 15:17:11 Europe/Berlin] PHP Warning:  Constant INFOCARDS1 already defined in C:\xampp\htdocs\KanpokoHack\Beñat\kanpokohack\project-root\config\config.php on line 18
[15-Dec-2024 15:17:11 Europe/Berlin] PHP Warning:  Constant ENABLECARDS1 already defined in C:\xampp\htdocs\KanpokoHack\Beñat\kanpokohack\project-root\config\config.php on line 19
[15-Dec-2024 15:17:15 Europe/Berlin] SQL Query: SELECT id, fecha, nombre AS descripcion, importe, ticket, usuario FROM gastos ORDER BY fecha DESC
[15-Dec-2024 15:17:15 Europe/Berlin] Params: []
[15-Dec-2024 15:17:15 Europe/Berlin] [{"id":"41","fecha":"2024-12-28","descripcion":"pruebajs","importe":"123.00","ticket":"cacert.pem","usuario":"cfd06f3f-a86d-486c-967e-20b4d2b24f8d"},{"id":"39","fecha":"2024-12-26","descripcion":"yguf","importe":"52.00","ticket":"Untitled design (1).png","usuario":"cfd06f3f-a86d-486c-967e-20b4d2b24f8d"},{"id":"40","fecha":"2024-12-21","descripcion":"admin","importe":"56.00","ticket":"Untitled design (1).png","usuario":"cfd06f3f-a86d-486c-967e-20b4d2b24f8d"},{"id":"38","fecha":"2024-12-12","descripcion":"34","importe":"256.00","ticket":"cacert.pem","usuario":"c8abfd3e-0726-4e1e-9964-a71ec3171b25"},{"id":"35","fecha":"2024-12-11","descripcion":"123","importe":"456.00","ticket":"Untitled design (1).png","usuario":"98ab5ae3-e020-46d7-82b2-556a0a32e86d"}]
[15-Dec-2024 15:17:35 Europe/Berlin] PHP Warning:  Constant KEYCLOAK_URL already defined in C:\xampp\htdocs\KanpokoHack\Beñat\kanpokohack\project-root\config\config.php on line 5
[15-Dec-2024 15:17:35 Europe/Berlin] PHP Warning:  Constant REALM already defined in C:\xampp\htdocs\KanpokoHack\Beñat\kanpokohack\project-root\config\config.php on line 6
[15-Dec-2024 15:17:35 Europe/Berlin] PHP Warning:  Constant CLIENT_ID already defined in C:\xampp\htdocs\KanpokoHack\Beñat\kanpokohack\project-root\config\config.php on line 7
[15-Dec-2024 15:17:35 Europe/Berlin] PHP Warning:  Constant CLIENT_SECRET already defined in C:\xampp\htdocs\KanpokoHack\Beñat\kanpokohack\project-root\config\config.php on line 8
[15-Dec-2024 15:17:35 Europe/Berlin] PHP Warning:  Constant REDIRECT_URI already defined in C:\xampp\htdocs\KanpokoHack\Beñat\kanpokohack\project-root\config\config.php on line 9
[15-Dec-2024 15:17:35 Europe/Berlin] PHP Warning:  Constant REDIRECT_URI_LOGOUT already defined in C:\xampp\htdocs\KanpokoHack\Beñat\kanpokohack\project-root\config\config.php on line 10
[15-Dec-2024 15:17:35 Europe/Berlin] PHP Warning:  Constant CERT already defined in C:\xampp\htdocs\KanpokoHack\Beñat\kanpokohack\project-root\config\config.php on line 13
[15-Dec-2024 15:17:35 Europe/Berlin] PHP Warning:  Constant KEY already defined in C:\xampp\htdocs\KanpokoHack\Beñat\kanpokohack\project-root\config\config.php on line 14
[15-Dec-2024 15:17:35 Europe/Berlin] PHP Warning:  Constant CACERT already defined in C:\xampp\htdocs\KanpokoHack\Beñat\kanpokohack\project-root\config\config.php on line 15
[15-Dec-2024 15:17:35 Europe/Berlin] PHP Warning:  Constant INFOCARDS1 already defined in C:\xampp\htdocs\KanpokoHack\Beñat\kanpokohack\project-root\config\config.php on line 18
[15-Dec-2024 15:17:35 Europe/Berlin] PHP Warning:  Constant ENABLECARDS1 already defined in C:\xampp\htdocs\KanpokoHack\Beñat\kanpokohack\project-root\config\config.php on line 19
[15-Dec-2024 15:17:37 Europe/Berlin] PHP Warning:  Constant KEYCLOAK_URL already defined in C:\xampp\htdocs\KanpokoHack\Beñat\kanpokohack\project-root\config\config.php on line 5
[15-Dec-2024 15:17:37 Europe/Berlin] PHP Warning:  Constant REALM already defined in C:\xampp\htdocs\KanpokoHack\Beñat\kanpokohack\project-root\config\config.php on line 6
[15-Dec-2024 15:17:37 Europe/Berlin] PHP Warning:  Constant CLIENT_ID already defined in C:\xampp\htdocs\KanpokoHack\Beñat\kanpokohack\project-root\config\config.php on line 7
[15-Dec-2024 15:17:37 Europe/Berlin] PHP Warning:  Constant CLIENT_SECRET already defined in C:\xampp\htdocs\KanpokoHack\Beñat\kanpokohack\project-root\config\config.php on line 8
[15-Dec-2024 15:17:37 Europe/Berlin] PHP Warning:  Constant REDIRECT_URI already defined in C:\xampp\htdocs\KanpokoHack\Beñat\kanpokohack\project-root\config\config.php on line 9
[15-Dec-2024 15:17:37 Europe/Berlin] PHP Warning:  Constant REDIRECT_URI_LOGOUT already defined in C:\xampp\htdocs\KanpokoHack\Beñat\kanpokohack\project-root\config\config.php on line 10
[15-Dec-2024 15:17:37 Europe/Berlin] PHP Warning:  Constant CERT already defined in C:\xampp\htdocs\KanpokoHack\Beñat\kanpokohack\project-root\config\config.php on line 13
[15-Dec-2024 15:17:37 Europe/Berlin] PHP Warning:  Constant KEY already defined in C:\xampp\htdocs\KanpokoHack\Beñat\kanpokohack\project-root\config\config.php on line 14
[15-Dec-2024 15:17:37 Europe/Berlin] PHP Warning:  Constant CACERT already defined in C:\xampp\htdocs\KanpokoHack\Beñat\kanpokohack\project-root\config\config.php on line 15
[15-Dec-2024 15:17:37 Europe/Berlin] PHP Warning:  Constant INFOCARDS1 already defined in C:\xampp\htdocs\KanpokoHack\Beñat\kanpokohack\project-root\config\config.php on line 18
[15-Dec-2024 15:17:37 Europe/Berlin] PHP Warning:  Constant ENABLECARDS1 already defined in C:\xampp\htdocs\KanpokoHack\Beñat\kanpokohack\project-root\config\config.php on line 19
[15-Dec-2024 15:17:43 Europe/Berlin] SQL Query: SELECT id, fecha, nombre AS descripcion, importe, ticket, usuario FROM gastos ORDER BY fecha DESC
[15-Dec-2024 15:17:43 Europe/Berlin] Params: []
[15-Dec-2024 15:17:43 Europe/Berlin] [{"id":"41","fecha":"2024-12-28","descripcion":"pruebajs","importe":"123.00","ticket":"cacert.pem","usuario":"cfd06f3f-a86d-486c-967e-20b4d2b24f8d"},{"id":"39","fecha":"2024-12-26","descripcion":"yguf","importe":"52.00","ticket":"Untitled design (1).png","usuario":"cfd06f3f-a86d-486c-967e-20b4d2b24f8d"},{"id":"40","fecha":"2024-12-21","descripcion":"admin","importe":"56.00","ticket":"Untitled design (1).png","usuario":"cfd06f3f-a86d-486c-967e-20b4d2b24f8d"},{"id":"38","fecha":"2024-12-12","descripcion":"34","importe":"256.00","ticket":"cacert.pem","usuario":"c8abfd3e-0726-4e1e-9964-a71ec3171b25"},{"id":"35","fecha":"2024-12-11","descripcion":"123","importe":"456.00","ticket":"Untitled design (1).png","usuario":"98ab5ae3-e020-46d7-82b2-556a0a32e86d"}]
[15-Dec-2024 15:17:44 Europe/Berlin] PHP Warning:  Constant KEYCLOAK_URL already defined in C:\xampp\htdocs\KanpokoHack\Beñat\kanpokohack\project-root\config\config.php on line 5
[15-Dec-2024 15:17:44 Europe/Berlin] PHP Warning:  Constant REALM already defined in C:\xampp\htdocs\KanpokoHack\Beñat\kanpokohack\project-root\config\config.php on line 6
[15-Dec-2024 15:17:44 Europe/Berlin] PHP Warning:  Constant CLIENT_ID already defined in C:\xampp\htdocs\KanpokoHack\Beñat\kanpokohack\project-root\config\config.php on line 7
[15-Dec-2024 15:17:44 Europe/Berlin] PHP Warning:  Constant CLIENT_SECRET already defined in C:\xampp\htdocs\KanpokoHack\Beñat\kanpokohack\project-root\config\config.php on line 8
[15-Dec-2024 15:17:44 Europe/Berlin] PHP Warning:  Constant REDIRECT_URI already defined in C:\xampp\htdocs\KanpokoHack\Beñat\kanpokohack\project-root\config\config.php on line 9
[15-Dec-2024 15:17:44 Europe/Berlin] PHP Warning:  Constant REDIRECT_URI_LOGOUT already defined in C:\xampp\htdocs\KanpokoHack\Beñat\kanpokohack\project-root\config\config.php on line 10
[15-Dec-2024 15:17:44 Europe/Berlin] PHP Warning:  Constant CERT already defined in C:\xampp\htdocs\KanpokoHack\Beñat\kanpokohack\project-root\config\config.php on line 13
[15-Dec-2024 15:17:44 Europe/Berlin] PHP Warning:  Constant KEY already defined in C:\xampp\htdocs\KanpokoHack\Beñat\kanpokohack\project-root\config\config.php on line 14
[15-Dec-2024 15:17:44 Europe/Berlin] PHP Warning:  Constant CACERT already defined in C:\xampp\htdocs\KanpokoHack\Beñat\kanpokohack\project-root\config\config.php on line 15
[15-Dec-2024 15:17:44 Europe/Berlin] PHP Warning:  Constant INFOCARDS1 already defined in C:\xampp\htdocs\KanpokoHack\Beñat\kanpokohack\project-root\config\config.php on line 18
[15-Dec-2024 15:17:44 Europe/Berlin] PHP Warning:  Constant ENABLECARDS1 already defined in C:\xampp\htdocs\KanpokoHack\Beñat\kanpokohack\project-root\config\config.php on line 19
[15-Dec-2024 15:17:46 Europe/Berlin] PHP Warning:  Constant KEYCLOAK_URL already defined in C:\xampp\htdocs\KanpokoHack\Beñat\kanpokohack\project-root\config\config.php on line 5
[15-Dec-2024 15:17:46 Europe/Berlin] PHP Warning:  Constant REALM already defined in C:\xampp\htdocs\KanpokoHack\Beñat\kanpokohack\project-root\config\config.php on line 6
[15-Dec-2024 15:17:46 Europe/Berlin] PHP Warning:  Constant CLIENT_ID already defined in C:\xampp\htdocs\KanpokoHack\Beñat\kanpokohack\project-root\config\config.php on line 7
[15-Dec-2024 15:17:46 Europe/Berlin] PHP Warning:  Constant CLIENT_SECRET already defined in C:\xampp\htdocs\KanpokoHack\Beñat\kanpokohack\project-root\config\config.php on line 8
[15-Dec-2024 15:17:46 Europe/Berlin] PHP Warning:  Constant REDIRECT_URI already defined in C:\xampp\htdocs\KanpokoHack\Beñat\kanpokohack\project-root\config\config.php on line 9
[15-Dec-2024 15:17:46 Europe/Berlin] PHP Warning:  Constant REDIRECT_URI_LOGOUT already defined in C:\xampp\htdocs\KanpokoHack\Beñat\kanpokohack\project-root\config\config.php on line 10
[15-Dec-2024 15:17:46 Europe/Berlin] PHP Warning:  Constant CERT already defined in C:\xampp\htdocs\KanpokoHack\Beñat\kanpokohack\project-root\config\config.php on line 13
[15-Dec-2024 15:17:46 Europe/Berlin] PHP Warning:  Constant KEY already defined in C:\xampp\htdocs\KanpokoHack\Beñat\kanpokohack\project-root\config\config.php on line 14
[15-Dec-2024 15:17:46 Europe/Berlin] PHP Warning:  Constant CACERT already defined in C:\xampp\htdocs\KanpokoHack\Beñat\kanpokohack\project-root\config\config.php on line 15
[15-Dec-2024 15:17:46 Europe/Berlin] PHP Warning:  Constant INFOCARDS1 already defined in C:\xampp\htdocs\KanpokoHack\Beñat\kanpokohack\project-root\config\config.php on line 18
[15-Dec-2024 15:17:46 Europe/Berlin] PHP Warning:  Constant ENABLECARDS1 already defined in C:\xampp\htdocs\KanpokoHack\Beñat\kanpokohack\project-root\config\config.php on line 19
[15-Dec-2024 15:18:21 Europe/Berlin] PHP Warning:  Constant KEYCLOAK_URL already defined in C:\xampp\htdocs\KanpokoHack\Beñat\kanpokohack\project-root\config\config.php on line 5
[15-Dec-2024 15:18:21 Europe/Berlin] PHP Warning:  Constant REALM already defined in C:\xampp\htdocs\KanpokoHack\Beñat\kanpokohack\project-root\config\config.php on line 6
[15-Dec-2024 15:18:21 Europe/Berlin] PHP Warning:  Constant CLIENT_ID already defined in C:\xampp\htdocs\KanpokoHack\Beñat\kanpokohack\project-root\config\config.php on line 7
[15-Dec-2024 15:18:21 Europe/Berlin] PHP Warning:  Constant CLIENT_SECRET already defined in C:\xampp\htdocs\KanpokoHack\Beñat\kanpokohack\project-root\config\config.php on line 8
[15-Dec-2024 15:18:21 Europe/Berlin] PHP Warning:  Constant REDIRECT_URI already defined in C:\xampp\htdocs\KanpokoHack\Beñat\kanpokohack\project-root\config\config.php on line 9
[15-Dec-2024 15:18:21 Europe/Berlin] PHP Warning:  Constant REDIRECT_URI_LOGOUT already defined in C:\xampp\htdocs\KanpokoHack\Beñat\kanpokohack\project-root\config\config.php on line 10
[15-Dec-2024 15:18:21 Europe/Berlin] PHP Warning:  Constant CERT already defined in C:\xampp\htdocs\KanpokoHack\Beñat\kanpokohack\project-root\config\config.php on line 13
[15-Dec-2024 15:18:21 Europe/Berlin] PHP Warning:  Constant KEY already defined in C:\xampp\htdocs\KanpokoHack\Beñat\kanpokohack\project-root\config\config.php on line 14
[15-Dec-2024 15:18:21 Europe/Berlin] PHP Warning:  Constant CACERT already defined in C:\xampp\htdocs\KanpokoHack\Beñat\kanpokohack\project-root\config\config.php on line 15
[15-Dec-2024 15:18:21 Europe/Berlin] PHP Warning:  Constant INFOCARDS1 already defined in C:\xampp\htdocs\KanpokoHack\Beñat\kanpokohack\project-root\config\config.php on line 18
[15-Dec-2024 15:18:21 Europe/Berlin] PHP Warning:  Constant ENABLECARDS1 already defined in C:\xampp\htdocs\KanpokoHack\Beñat\kanpokohack\project-root\config\config.php on line 19
[15-Dec-2024 15:18:27 Europe/Berlin] PHP Warning:  Constant KEYCLOAK_URL already defined in C:\xampp\htdocs\KanpokoHack\Beñat\kanpokohack\project-root\config\config.php on line 5
[15-Dec-2024 15:18:27 Europe/Berlin] PHP Warning:  Constant REALM already defined in C:\xampp\htdocs\KanpokoHack\Beñat\kanpokohack\project-root\config\config.php on line 6
[15-Dec-2024 15:18:27 Europe/Berlin] PHP Warning:  Constant CLIENT_ID already defined in C:\xampp\htdocs\KanpokoHack\Beñat\kanpokohack\project-root\config\config.php on line 7
[15-Dec-2024 15:18:27 Europe/Berlin] PHP Warning:  Constant CLIENT_SECRET already defined in C:\xampp\htdocs\KanpokoHack\Beñat\kanpokohack\project-root\config\config.php on line 8
[15-Dec-2024 15:18:27 Europe/Berlin] PHP Warning:  Constant REDIRECT_URI already defined in C:\xampp\htdocs\KanpokoHack\Beñat\kanpokohack\project-root\config\config.php on line 9
[15-Dec-2024 15:18:27 Europe/Berlin] PHP Warning:  Constant REDIRECT_URI_LOGOUT already defined in C:\xampp\htdocs\KanpokoHack\Beñat\kanpokohack\project-root\config\config.php on line 10
[15-Dec-2024 15:18:27 Europe/Berlin] PHP Warning:  Constant CERT already defined in C:\xampp\htdocs\KanpokoHack\Beñat\kanpokohack\project-root\config\config.php on line 13
[15-Dec-2024 15:18:27 Europe/Berlin] PHP Warning:  Constant KEY already defined in C:\xampp\htdocs\KanpokoHack\Beñat\kanpokohack\project-root\config\config.php on line 14
[15-Dec-2024 15:18:27 Europe/Berlin] PHP Warning:  Constant CACERT already defined in C:\xampp\htdocs\KanpokoHack\Beñat\kanpokohack\project-root\config\config.php on line 15
[15-Dec-2024 15:18:27 Europe/Berlin] PHP Warning:  Constant INFOCARDS1 already defined in C:\xampp\htdocs\KanpokoHack\Beñat\kanpokohack\project-root\config\config.php on line 18
[15-Dec-2024 15:18:27 Europe/Berlin] PHP Warning:  Constant ENABLECARDS1 already defined in C:\xampp\htdocs\KanpokoHack\Beñat\kanpokohack\project-root\config\config.php on line 19
[15-Dec-2024 15:18:42 Europe/Berlin] PHP Warning:  Constant KEYCLOAK_URL already defined in C:\xampp\htdocs\KanpokoHack\Beñat\kanpokohack\project-root\config\config.php on line 5
[15-Dec-2024 15:18:42 Europe/Berlin] PHP Warning:  Constant REALM already defined in C:\xampp\htdocs\KanpokoHack\Beñat\kanpokohack\project-root\config\config.php on line 6
[15-Dec-2024 15:18:42 Europe/Berlin] PHP Warning:  Constant CLIENT_ID already defined in C:\xampp\htdocs\KanpokoHack\Beñat\kanpokohack\project-root\config\config.php on line 7
[15-Dec-2024 15:18:42 Europe/Berlin] PHP Warning:  Constant CLIENT_SECRET already defined in C:\xampp\htdocs\KanpokoHack\Beñat\kanpokohack\project-root\config\config.php on line 8
[15-Dec-2024 15:18:42 Europe/Berlin] PHP Warning:  Constant REDIRECT_URI already defined in C:\xampp\htdocs\KanpokoHack\Beñat\kanpokohack\project-root\config\config.php on line 9
[15-Dec-2024 15:18:42 Europe/Berlin] PHP Warning:  Constant REDIRECT_URI_LOGOUT already defined in C:\xampp\htdocs\KanpokoHack\Beñat\kanpokohack\project-root\config\config.php on line 10
[15-Dec-2024 15:18:42 Europe/Berlin] PHP Warning:  Constant CERT already defined in C:\xampp\htdocs\KanpokoHack\Beñat\kanpokohack\project-root\config\config.php on line 13
[15-Dec-2024 15:18:42 Europe/Berlin] PHP Warning:  Constant KEY already defined in C:\xampp\htdocs\KanpokoHack\Beñat\kanpokohack\project-root\config\config.php on line 14
[15-Dec-2024 15:18:42 Europe/Berlin] PHP Warning:  Constant CACERT already defined in C:\xampp\htdocs\KanpokoHack\Beñat\kanpokohack\project-root\config\config.php on line 15
[15-Dec-2024 15:18:42 Europe/Berlin] PHP Warning:  Constant INFOCARDS1 already defined in C:\xampp\htdocs\KanpokoHack\Beñat\kanpokohack\project-root\config\config.php on line 18
[15-Dec-2024 15:18:42 Europe/Berlin] PHP Warning:  Constant ENABLECARDS1 already defined in C:\xampp\htdocs\KanpokoHack\Beñat\kanpokohack\project-root\config\config.php on line 19
[15-Dec-2024 15:18:43 Europe/Berlin] SQL Query: SELECT id, fecha, nombre AS descripcion, importe, ticket, usuario FROM gastos ORDER BY fecha DESC
[15-Dec-2024 15:18:43 Europe/Berlin] Params: []
[15-Dec-2024 15:18:43 Europe/Berlin] [{"id":"41","fecha":"2024-12-28","descripcion":"pruebajs","importe":"123.00","ticket":"cacert.pem","usuario":"cfd06f3f-a86d-486c-967e-20b4d2b24f8d"},{"id":"39","fecha":"2024-12-26","descripcion":"yguf","importe":"52.00","ticket":"Untitled design (1).png","usuario":"cfd06f3f-a86d-486c-967e-20b4d2b24f8d"},{"id":"40","fecha":"2024-12-21","descripcion":"admin","importe":"56.00","ticket":"Untitled design (1).png","usuario":"cfd06f3f-a86d-486c-967e-20b4d2b24f8d"},{"id":"38","fecha":"2024-12-12","descripcion":"34","importe":"256.00","ticket":"cacert.pem","usuario":"c8abfd3e-0726-4e1e-9964-a71ec3171b25"},{"id":"35","fecha":"2024-12-11","descripcion":"123","importe":"456.00","ticket":"Untitled design (1).png","usuario":"98ab5ae3-e020-46d7-82b2-556a0a32e86d"}]
[15-Dec-2024 15:18:45 Europe/Berlin] PHP Warning:  Constant KEYCLOAK_URL already defined in C:\xampp\htdocs\KanpokoHack\Beñat\kanpokohack\project-root\config\config.php on line 5
[15-Dec-2024 15:18:45 Europe/Berlin] PHP Warning:  Constant REALM already defined in C:\xampp\htdocs\KanpokoHack\Beñat\kanpokohack\project-root\config\config.php on line 6
[15-Dec-2024 15:18:45 Europe/Berlin] PHP Warning:  Constant CLIENT_ID already defined in C:\xampp\htdocs\KanpokoHack\Beñat\kanpokohack\project-root\config\config.php on line 7
[15-Dec-2024 15:18:45 Europe/Berlin] PHP Warning:  Constant CLIENT_SECRET already defined in C:\xampp\htdocs\KanpokoHack\Beñat\kanpokohack\project-root\config\config.php on line 8
[15-Dec-2024 15:18:45 Europe/Berlin] PHP Warning:  Constant REDIRECT_URI already defined in C:\xampp\htdocs\KanpokoHack\Beñat\kanpokohack\project-root\config\config.php on line 9
[15-Dec-2024 15:18:45 Europe/Berlin] PHP Warning:  Constant REDIRECT_URI_LOGOUT already defined in C:\xampp\htdocs\KanpokoHack\Beñat\kanpokohack\project-root\config\config.php on line 10
[15-Dec-2024 15:18:45 Europe/Berlin] PHP Warning:  Constant CERT already defined in C:\xampp\htdocs\KanpokoHack\Beñat\kanpokohack\project-root\config\config.php on line 13
[15-Dec-2024 15:18:45 Europe/Berlin] PHP Warning:  Constant KEY already defined in C:\xampp\htdocs\KanpokoHack\Beñat\kanpokohack\project-root\config\config.php on line 14
[15-Dec-2024 15:18:45 Europe/Berlin] PHP Warning:  Constant CACERT already defined in C:\xampp\htdocs\KanpokoHack\Beñat\kanpokohack\project-root\config\config.php on line 15
[15-Dec-2024 15:18:45 Europe/Berlin] PHP Warning:  Constant INFOCARDS1 already defined in C:\xampp\htdocs\KanpokoHack\Beñat\kanpokohack\project-root\config\config.php on line 18
[15-Dec-2024 15:18:45 Europe/Berlin] PHP Warning:  Constant ENABLECARDS1 already defined in C:\xampp\htdocs\KanpokoHack\Beñat\kanpokohack\project-root\config\config.php on line 19
[15-Dec-2024 15:18:50 Europe/Berlin] PHP Warning:  Constant KEYCLOAK_URL already defined in C:\xampp\htdocs\KanpokoHack\Beñat\kanpokohack\project-root\config\config.php on line 5
[15-Dec-2024 15:18:50 Europe/Berlin] PHP Warning:  Constant REALM already defined in C:\xampp\htdocs\KanpokoHack\Beñat\kanpokohack\project-root\config\config.php on line 6
[15-Dec-2024 15:18:50 Europe/Berlin] PHP Warning:  Constant CLIENT_ID already defined in C:\xampp\htdocs\KanpokoHack\Beñat\kanpokohack\project-root\config\config.php on line 7
[15-Dec-2024 15:18:50 Europe/Berlin] PHP Warning:  Constant CLIENT_SECRET already defined in C:\xampp\htdocs\KanpokoHack\Beñat\kanpokohack\project-root\config\config.php on line 8
[15-Dec-2024 15:18:50 Europe/Berlin] PHP Warning:  Constant REDIRECT_URI already defined in C:\xampp\htdocs\KanpokoHack\Beñat\kanpokohack\project-root\config\config.php on line 9
[15-Dec-2024 15:18:50 Europe/Berlin] PHP Warning:  Constant REDIRECT_URI_LOGOUT already defined in C:\xampp\htdocs\KanpokoHack\Beñat\kanpokohack\project-root\config\config.php on line 10
[15-Dec-2024 15:18:50 Europe/Berlin] PHP Warning:  Constant CERT already defined in C:\xampp\htdocs\KanpokoHack\Beñat\kanpokohack\project-root\config\config.php on line 13
[15-Dec-2024 15:18:50 Europe/Berlin] PHP Warning:  Constant KEY already defined in C:\xampp\htdocs\KanpokoHack\Beñat\kanpokohack\project-root\config\config.php on line 14
[15-Dec-2024 15:18:50 Europe/Berlin] PHP Warning:  Constant CACERT already defined in C:\xampp\htdocs\KanpokoHack\Beñat\kanpokohack\project-root\config\config.php on line 15
[15-Dec-2024 15:18:50 Europe/Berlin] PHP Warning:  Constant INFOCARDS1 already defined in C:\xampp\htdocs\KanpokoHack\Beñat\kanpokohack\project-root\config\config.php on line 18
[15-Dec-2024 15:18:50 Europe/Berlin] PHP Warning:  Constant ENABLECARDS1 already defined in C:\xampp\htdocs\KanpokoHack\Beñat\kanpokohack\project-root\config\config.php on line 19
[15-Dec-2024 15:18:51 Europe/Berlin] PHP Warning:  Constant KEYCLOAK_URL already defined in C:\xampp\htdocs\KanpokoHack\Beñat\kanpokohack\project-root\config\config.php on line 5
[15-Dec-2024 15:18:51 Europe/Berlin] PHP Warning:  Constant REALM already defined in C:\xampp\htdocs\KanpokoHack\Beñat\kanpokohack\project-root\config\config.php on line 6
[15-Dec-2024 15:18:51 Europe/Berlin] PHP Warning:  Constant CLIENT_ID already defined in C:\xampp\htdocs\KanpokoHack\Beñat\kanpokohack\project-root\config\config.php on line 7
[15-Dec-2024 15:18:51 Europe/Berlin] PHP Warning:  Constant CLIENT_SECRET already defined in C:\xampp\htdocs\KanpokoHack\Beñat\kanpokohack\project-root\config\config.php on line 8
[15-Dec-2024 15:18:51 Europe/Berlin] PHP Warning:  Constant REDIRECT_URI already defined in C:\xampp\htdocs\KanpokoHack\Beñat\kanpokohack\project-root\config\config.php on line 9
[15-Dec-2024 15:18:51 Europe/Berlin] PHP Warning:  Constant REDIRECT_URI_LOGOUT already defined in C:\xampp\htdocs\KanpokoHack\Beñat\kanpokohack\project-root\config\config.php on line 10
[15-Dec-2024 15:18:51 Europe/Berlin] PHP Warning:  Constant CERT already defined in C:\xampp\htdocs\KanpokoHack\Beñat\kanpokohack\project-root\config\config.php on line 13
[15-Dec-2024 15:18:51 Europe/Berlin] PHP Warning:  Constant KEY already defined in C:\xampp\htdocs\KanpokoHack\Beñat\kanpokohack\project-root\config\config.php on line 14
[15-Dec-2024 15:18:51 Europe/Berlin] PHP Warning:  Constant CACERT already defined in C:\xampp\htdocs\KanpokoHack\Beñat\kanpokohack\project-root\config\config.php on line 15
[15-Dec-2024 15:18:51 Europe/Berlin] PHP Warning:  Constant INFOCARDS1 already defined in C:\xampp\htdocs\KanpokoHack\Beñat\kanpokohack\project-root\config\config.php on line 18
[15-Dec-2024 15:18:51 Europe/Berlin] PHP Warning:  Constant ENABLECARDS1 already defined in C:\xampp\htdocs\KanpokoHack\Beñat\kanpokohack\project-root\config\config.php on line 19
[15-Dec-2024 15:18:59 Europe/Berlin] PHP Warning:  Constant KEYCLOAK_URL already defined in C:\xampp\htdocs\KanpokoHack\Beñat\kanpokohack\project-root\config\config.php on line 5
[15-Dec-2024 15:18:59 Europe/Berlin] PHP Warning:  Constant REALM already defined in C:\xampp\htdocs\KanpokoHack\Beñat\kanpokohack\project-root\config\config.php on line 6
[15-Dec-2024 15:18:59 Europe/Berlin] PHP Warning:  Constant CLIENT_ID already defined in C:\xampp\htdocs\KanpokoHack\Beñat\kanpokohack\project-root\config\config.php on line 7
[15-Dec-2024 15:18:59 Europe/Berlin] PHP Warning:  Constant CLIENT_SECRET already defined in C:\xampp\htdocs\KanpokoHack\Beñat\kanpokohack\project-root\config\config.php on line 8
[15-Dec-2024 15:18:59 Europe/Berlin] PHP Warning:  Constant REDIRECT_URI already defined in C:\xampp\htdocs\KanpokoHack\Beñat\kanpokohack\project-root\config\config.php on line 9
[15-Dec-2024 15:18:59 Europe/Berlin] PHP Warning:  Constant REDIRECT_URI_LOGOUT already defined in C:\xampp\htdocs\KanpokoHack\Beñat\kanpokohack\project-root\config\config.php on line 10
[15-Dec-2024 15:18:59 Europe/Berlin] PHP Warning:  Constant CERT already defined in C:\xampp\htdocs\KanpokoHack\Beñat\kanpokohack\project-root\config\config.php on line 13
[15-Dec-2024 15:18:59 Europe/Berlin] PHP Warning:  Constant KEY already defined in C:\xampp\htdocs\KanpokoHack\Beñat\kanpokohack\project-root\config\config.php on line 14
[15-Dec-2024 15:18:59 Europe/Berlin] PHP Warning:  Constant CACERT already defined in C:\xampp\htdocs\KanpokoHack\Beñat\kanpokohack\project-root\config\config.php on line 15
[15-Dec-2024 15:18:59 Europe/Berlin] PHP Warning:  Constant INFOCARDS1 already defined in C:\xampp\htdocs\KanpokoHack\Beñat\kanpokohack\project-root\config\config.php on line 18
[15-Dec-2024 15:18:59 Europe/Berlin] PHP Warning:  Constant ENABLECARDS1 already defined in C:\xampp\htdocs\KanpokoHack\Beñat\kanpokohack\project-root\config\config.php on line 19
[15-Dec-2024 15:19:02 Europe/Berlin] PHP Warning:  Constant KEYCLOAK_URL already defined in C:\xampp\htdocs\KanpokoHack\Beñat\kanpokohack\project-root\config\config.php on line 5
[15-Dec-2024 15:19:02 Europe/Berlin] PHP Warning:  Constant REALM already defined in C:\xampp\htdocs\KanpokoHack\Beñat\kanpokohack\project-root\config\config.php on line 6
[15-Dec-2024 15:19:02 Europe/Berlin] PHP Warning:  Constant CLIENT_ID already defined in C:\xampp\htdocs\KanpokoHack\Beñat\kanpokohack\project-root\config\config.php on line 7
[15-Dec-2024 15:19:02 Europe/Berlin] PHP Warning:  Constant CLIENT_SECRET already defined in C:\xampp\htdocs\KanpokoHack\Beñat\kanpokohack\project-root\config\config.php on line 8
[15-Dec-2024 15:19:02 Europe/Berlin] PHP Warning:  Constant REDIRECT_URI already defined in C:\xampp\htdocs\KanpokoHack\Beñat\kanpokohack\project-root\config\config.php on line 9
[15-Dec-2024 15:19:02 Europe/Berlin] PHP Warning:  Constant REDIRECT_URI_LOGOUT already defined in C:\xampp\htdocs\KanpokoHack\Beñat\kanpokohack\project-root\config\config.php on line 10
[15-Dec-2024 15:19:02 Europe/Berlin] PHP Warning:  Constant CERT already defined in C:\xampp\htdocs\KanpokoHack\Beñat\kanpokohack\project-root\config\config.php on line 13
[15-Dec-2024 15:19:02 Europe/Berlin] PHP Warning:  Constant KEY already defined in C:\xampp\htdocs\KanpokoHack\Beñat\kanpokohack\project-root\config\config.php on line 14
[15-Dec-2024 15:19:02 Europe/Berlin] PHP Warning:  Constant CACERT already defined in C:\xampp\htdocs\KanpokoHack\Beñat\kanpokohack\project-root\config\config.php on line 15
[15-Dec-2024 15:19:02 Europe/Berlin] PHP Warning:  Constant INFOCARDS1 already defined in C:\xampp\htdocs\KanpokoHack\Beñat\kanpokohack\project-root\config\config.php on line 18
[15-Dec-2024 15:19:02 Europe/Berlin] PHP Warning:  Constant ENABLECARDS1 already defined in C:\xampp\htdocs\KanpokoHack\Beñat\kanpokohack\project-root\config\config.php on line 19
