HTTP Code: 400
Response: <!DOCTYPE html>
<html class="login-pf">

<head>
    <meta charset="utf-8">
    <meta http-equiv="Content-Type" content="text/html; charset=UTF-8" />
    <meta name="robots" content="noindex, nofollow">

            <meta name="viewport" content="width=device-width,initial-scale=1"/>
    <title>Sign in to MiAplicacionRealm</title>
    <link rel="icon" href="/resources/raajy/login/keycloak/img/favicon.ico" />
            <link href="/resources/raajy/common/keycloak/web_modules/@patternfly/react-core/dist/styles/base.css" rel="stylesheet" />
            <link href="/resources/raajy/common/keycloak/web_modules/@patternfly/react-core/dist/styles/app.css" rel="stylesheet" />
            <link href="/resources/raajy/common/keycloak/node_modules/patternfly/dist/css/patternfly.min.css" rel="stylesheet" />
            <link href="/resources/raajy/common/keycloak/node_modules/patternfly/dist/css/patternfly-additions.min.css" rel="stylesheet" />
            <link href="/resources/raajy/common/keycloak/lib/pficon/pficon.css" rel="stylesheet" />
            <link href="/resources/raajy/login/keycloak/css/login.css" rel="stylesheet" />
</head>

<body class="">
<div class="login-pf-page">
    <div id="kc-header" class="login-pf-page-header">
        <div id="kc-header-wrapper"
             class="">MiAplicacionRealm</div>
    </div>
    <div class="card-pf">
        <header class="login-pf-header">
                <h1 id="kc-page-title">        We are sorry...
</h1>
      </header>
      <div id="kc-content">
        <div id="kc-content-wrapper">


        <div id="kc-error-message">
            <p class="instruction">Invalid parameter: redirect_uri</p>
        </div>



        </div>
      </div>

    </div>
  </div>
</body>
</html>
